[01:56:41]Running task 'PollTask'!
[01:56:41]'0' polls running!
[01:56:41]Task 'PollTask' finished! took '1'ms
[01:57:11]Running task 'PollTask'!
[01:57:11]'0' polls running!
[01:57:11]Task 'PollTask' finished! took '0'ms
[01:57:41]Running task 'PollTask'!
[01:57:41]'0' polls running!
[01:57:41]Task 'PollTask' finished! took '0'ms
java.lang.NullPointerException
	at java.base/java.io.Reader.<init>(Reader.java:167)
	at java.base/java.io.InputStreamReader.<init>(InputStreamReader.java:72)
	at de.anteiku.kittybot.webservice.WebService.readFile(WebService.java:304)
	at de.anteiku.kittybot.webservice.GuildRoute.handle(GuildRoute.java:30)
	at spark.TemplateViewRouteImpl$1.handle(TemplateViewRouteImpl.java:66)
	at spark.http.matching.Routes.execute(Routes.java:61)
	at spark.http.matching.MatcherFilter.doFilter(MatcherFilter.java:134)
	at spark.embeddedserver.jetty.JettyHandler.doHandle(JettyHandler.java:50)
	at org.eclipse.jetty.server.session.SessionHandler.doScope(SessionHandler.java:1671)
	at org.eclipse.jetty.server.handler.ScopedHandler.handle(ScopedHandler.java:144)
	at org.eclipse.jetty.server.handler.HandlerWrapper.handle(HandlerWrapper.java:132)
	at org.eclipse.jetty.server.Server.handle(Server.java:505)
	at org.eclipse.jetty.server.HttpChannel.handle(HttpChannel.java:370)
	at org.eclipse.jetty.server.HttpConnection.onFillable(HttpConnection.java:267)
	at org.eclipse.jetty.io.AbstractConnection$ReadCallback.succeeded(AbstractConnection.java:305)
	at org.eclipse.jetty.io.FillInterest.fillable(FillInterest.java:103)
	at org.eclipse.jetty.io.ChannelEndPoint$2.run(ChannelEndPoint.java:117)
	at org.eclipse.jetty.util.thread.strategy.EatWhatYouKill.runTask(EatWhatYouKill.java:333)
	at org.eclipse.jetty.util.thread.strategy.EatWhatYouKill.doProduce(EatWhatYouKill.java:310)
	at org.eclipse.jetty.util.thread.strategy.EatWhatYouKill.tryProduce(EatWhatYouKill.java:168)
	at org.eclipse.jetty.util.thread.strategy.EatWhatYouKill.run(EatWhatYouKill.java:126)
	at org.eclipse.jetty.util.thread.ReservedThreadExecutor$ReservedThread.run(ReservedThreadExecutor.java:366)
	at org.eclipse.jetty.util.thread.QueuedThreadPool.runJob(QueuedThreadPool.java:698)
	at org.eclipse.jetty.util.thread.QueuedThreadPool$Runner.run(QueuedThreadPool.java:804)
	at java.base/java.lang.Thread.run(Thread.java:835)
java.lang.NullPointerException
	at java.base/java.io.Reader.<init>(Reader.java:167)
	at java.base/java.io.InputStreamReader.<init>(InputStreamReader.java:72)
	at de.anteiku.kittybot.webservice.WebService.readFile(WebService.java:304)
	at de.anteiku.kittybot.webservice.GuildRoute.handle(GuildRoute.java:30)
	at spark.TemplateViewRouteImpl$1.handle(TemplateViewRouteImpl.java:66)
	at spark.http.matching.Routes.execute(Routes.java:61)
	at spark.http.matching.MatcherFilter.doFilter(MatcherFilter.java:134)
	at spark.embeddedserver.jetty.JettyHandler.doHandle(JettyHandler.java:50)
	at org.eclipse.jetty.server.session.SessionHandler.doScope(SessionHandler.java:1671)
	at org.eclipse.jetty.server.handler.ScopedHandler.handle(ScopedHandler.java:144)
	at org.eclipse.jetty.server.handler.HandlerWrapper.handle(HandlerWrapper.java:132)
	at org.eclipse.jetty.server.Server.handle(Server.java:505)
	at org.eclipse.jetty.server.HttpChannel.handle(HttpChannel.java:370)
	at org.eclipse.jetty.server.HttpConnection.onFillable(HttpConnection.java:267)
	at org.eclipse.jetty.io.AbstractConnection$ReadCallback.succeeded(AbstractConnection.java:305)
	at org.eclipse.jetty.io.FillInterest.fillable(FillInterest.java:103)
	at org.eclipse.jetty.io.ChannelEndPoint$2.run(ChannelEndPoint.java:117)
	at org.eclipse.jetty.util.thread.strategy.EatWhatYouKill.runTask(EatWhatYouKill.java:333)
	at org.eclipse.jetty.util.thread.strategy.EatWhatYouKill.doProduce(EatWhatYouKill.java:310)
	at org.eclipse.jetty.util.thread.strategy.EatWhatYouKill.tryProduce(EatWhatYouKill.java:168)
	at org.eclipse.jetty.util.thread.strategy.EatWhatYouKill.run(EatWhatYouKill.java:126)
	at org.eclipse.jetty.util.thread.ReservedThreadExecutor$ReservedThread.run(ReservedThreadExecutor.java:366)
	at org.eclipse.jetty.util.thread.QueuedThreadPool.runJob(QueuedThreadPool.java:698)
	at org.eclipse.jetty.util.thread.QueuedThreadPool$Runner.run(QueuedThreadPool.java:804)
	at java.base/java.lang.Thread.run(Thread.java:835)
[01:58:11]Running task 'PollTask'!
[01:58:11]'0' polls running!
[01:58:11]Task 'PollTask' finished! took '0'ms
[01:58:41]Running task 'PollTask'!
[01:58:41]'0' polls running!
[01:58:41]Task 'PollTask' finished! took '0'ms
[01:59:11]Running task 'PollTask'!
[01:59:11]'0' polls running!
[01:59:11]Task 'PollTask' finished! took '0'ms
