[22:44:00]Registering new guild: '608506410803658753'
[22:44:00]Running task 'PollTask'!
[22:44:00]'0' polls running!
[22:44:00]Task 'PollTask' finished! took '1'ms
[22:44:30]Running task 'PollTask'!
[22:44:30]'0' polls running!
[22:44:30]Task 'PollTask' finished! took '0'ms
[22:45:00]Running task 'PollTask'!
[22:45:00]'0' polls running!
[22:45:00]Task 'PollTask' finished! took '0'ms
[22:45:30]Running task 'PollTask'!
[22:45:30]'0' polls running!
[22:45:30]Task 'PollTask' finished! took '0'ms
[22:45:58]Command: 'help' by: 'To?' from: 'Katzenkörbchen' took '475'ms
[22:46:00]Running task 'PollTask'!
[22:46:00]'0' polls running!
[22:46:00]Task 'PollTask' finished! took '0'ms
[22:46:09]Command: 'options' by: 'To?' from: 'Katzenkörbchen' took '165'ms
[22:46:13]Command: 'help' by: 'To?' from: 'Katzenkörbchen' took '543'ms
[22:46:29]Command: 'options' by: 'To?' from: 'Katzenkörbchen' took '144'ms
[22:46:30]Running task 'PollTask'!
[22:46:30]'0' polls running!
[22:46:30]Task 'PollTask' finished! took '0'ms
[22:46:33]Command: 'help' by: 'To?' from: 'Katzenkörbchen' took '342'ms
[22:46:42]Command: 'options' by: 'To?' from: 'Katzenkörbchen' took '153'ms
