[17:10:39]Registering new guild: '481150133682044948'
[17:10:39]Registering new guild: '576923247212363787'
[17:10:39]Registering new guild: '592763557515362324'
[17:10:39]Running task 'PollTask'!
[17:10:39]'0' polls running!
[17:10:39]Task 'PollTask' finished! took '1'ms
[17:11:09]Running task 'PollTask'!
[17:11:09]'0' polls running!
[17:11:09]Task 'PollTask' finished! took '0'ms
[17:11:39]Running task 'PollTask'!
[17:11:39]'0' polls running!
[17:11:39]Task 'PollTask' finished! took '0'ms
[17:12:09]Running task 'PollTask'!
[17:12:09]'0' polls running!
[17:12:09]Task 'PollTask' finished! took '0'ms
[17:12:39]Running task 'PollTask'!
[17:12:39]'0' polls running!
[17:12:39]Task 'PollTask' finished! took '0'ms
[17:13:09]Running task 'PollTask'!
[17:13:09]'0' polls running!
[17:13:09]Task 'PollTask' finished! took '0'ms
[17:13:29]Command: 'poll' by: 'To?' from: 'Katzenkörbchen' took '377'ms
[17:13:39]Running task 'PollTask'!
[17:13:39]'0' polls running!
[17:13:39]Task 'PollTask' finished! took '0'ms
[17:14:09]Running task 'PollTask'!
[17:14:09]'0' polls running!
[17:14:09]Task 'PollTask' finished! took '0'ms
[17:14:39]Running task 'PollTask'!
[17:14:39]'0' polls running!
[17:14:39]Task 'PollTask' finished! took '0'ms
[17:15:09]Running task 'PollTask'!
[17:15:09]'0' polls running!
[17:15:09]Task 'PollTask' finished! took '0'ms
[17:15:39]Running task 'PollTask'!
[17:15:39]'0' polls running!
[17:15:39]Task 'PollTask' finished! took '0'ms
[17:16:09]Running task 'PollTask'!
[17:16:09]'0' polls running!
[17:16:09]Task 'PollTask' finished! took '0'ms
[17:16:39]Running task 'PollTask'!
[17:16:39]'0' polls running!
[17:16:39]Task 'PollTask' finished! took '0'ms
