[01:43:48]Running task 'PollTask'!
[01:43:48]'0' polls running!
[01:43:48]Task 'PollTask' finished! took '6'ms
[01:44:18]Running task 'PollTask'!
[01:44:18]'0' polls running!
[01:44:18]Task 'PollTask' finished! took '0'ms
[01:44:48]Running task 'PollTask'!
[01:44:48]'0' polls running!
[01:44:48]Task 'PollTask' finished! took '0'ms
[01:45:18]Running task 'PollTask'!
[01:45:18]'0' polls running!
[01:45:18]Task 'PollTask' finished! took '0'ms
[01:45:48]Running task 'PollTask'!
[01:45:48]'0' polls running!
[01:45:48]Task 'PollTask' finished! took '0'ms
[01:45:53]Command: 'roles' by: 'To?' from: 'Katzenkörbchen' took '442'ms
[01:46:02]Command: 'login' by: 'To?' from: 'Katzenkörbchen' took '319'ms
[01:46:18]Running task 'PollTask'!
[01:46:18]'0' polls running!
[01:46:18]Task 'PollTask' finished! took '0'ms
[01:46:48]Running task 'PollTask'!
[01:46:48]'0' polls running!
[01:46:48]Task 'PollTask' finished! took '0'ms
[01:46:58]Stopping KittyBot...
[01:46:58]Databases saved...
