[00:13:35]Registering new guild: '481150133682044948'
[00:13:35]Registering new guild: '576923247212363787'
[00:13:35]Registering new guild: '592763557515362324'
[00:13:35]Running task 'PollTask'!
[00:13:35]'0' polls running!
[00:13:35]Task 'PollTask' finished! took '1'ms
[00:13:40]Command: 'roles' by: 'To?' from: 'Katzenkörbchen' took '646'ms
[00:14:05]Running task 'PollTask'!
[00:14:05]'0' polls running!
[00:14:05]Task 'PollTask' finished! took '0'ms
[00:14:35]Running task 'PollTask'!
[00:14:35]'0' polls running!
[00:14:35]Task 'PollTask' finished! took '0'ms
[00:15:05]Running task 'PollTask'!
[00:15:05]'0' polls running!
[00:15:05]Task 'PollTask' finished! took '0'ms
[00:15:35]Running task 'PollTask'!
[00:15:35]'0' polls running!
[00:15:35]Task 'PollTask' finished! took '0'ms
[00:16:05]Running task 'PollTask'!
[00:16:05]'0' polls running!
[00:16:05]Task 'PollTask' finished! took '0'ms
[00:16:10]Command: 'passwd' by: 'To?' from: 'Katzenkörbchen' took '1387'ms
[00:16:35]Running task 'PollTask'!
[00:16:35]'0' polls running!
[00:16:35]Task 'PollTask' finished! took '0'ms
[00:17:05]Running task 'PollTask'!
[00:17:05]'0' polls running!
[00:17:05]Task 'PollTask' finished! took '0'ms
[00:17:35]Running task 'PollTask'!
[00:17:35]'0' polls running!
[00:17:35]Task 'PollTask' finished! took '0'ms
[00:18:05]Running task 'PollTask'!
[00:18:05]'0' polls running!
[00:18:05]Task 'PollTask' finished! took '0'ms
[00:18:35]Running task 'PollTask'!
[00:18:35]'0' polls running!
[00:18:35]Task 'PollTask' finished! took '0'ms
[00:19:05]Running task 'PollTask'!
[00:19:05]'0' polls running!
[00:19:05]Task 'PollTask' finished! took '0'ms
[00:19:35]Running task 'PollTask'!
[00:19:35]'0' polls running!
[00:19:35]Task 'PollTask' finished! took '0'ms
[00:20:05]Running task 'PollTask'!
[00:20:05]'0' polls running!
[00:20:05]Task 'PollTask' finished! took '0'ms
[00:20:35]Running task 'PollTask'!
[00:20:35]'0' polls running!
[00:20:35]Task 'PollTask' finished! took '0'ms
[00:21:05]Running task 'PollTask'!
[00:21:05]'0' polls running!
[00:21:05]Task 'PollTask' finished! took '0'ms
[00:21:35]Running task 'PollTask'!
[00:21:35]'0' polls running!
[00:21:35]Task 'PollTask' finished! took '0'ms
[00:22:05]Running task 'PollTask'!
[00:22:05]'0' polls running!
[00:22:05]Task 'PollTask' finished! took '0'ms
[00:22:35]Running task 'PollTask'!
[00:22:35]'0' polls running!
[00:22:35]Task 'PollTask' finished! took '0'ms
[00:23:05]Running task 'PollTask'!
[00:23:05]'0' polls running!
[00:23:05]Task 'PollTask' finished! took '0'ms
[00:23:35]Running task 'PollTask'!
[00:23:35]'0' polls running!
[00:23:35]Task 'PollTask' finished! took '0'ms
