[01:19:35]Registering new guild: '481150133682044948'
[01:19:35]Registering new guild: '576923247212363787'
[01:19:35]Registering new guild: '592763557515362324'
[01:19:35]Running task 'PollTask'!
[01:19:35]'0' polls running!
[01:19:35]Task 'PollTask' finished! took '1'ms
[01:20:05]Running task 'PollTask'!
[01:20:05]'0' polls running!
[01:20:05]Task 'PollTask' finished! took '0'ms
[01:20:25]Command: 'passwd' by: 'To?' from: 'Katzenkörbchen' took '838'ms
[01:20:35]Running task 'PollTask'!
[01:20:35]'0' polls running!
[01:20:35]Task 'PollTask' finished! took '0'ms
[01:21:05]Running task 'PollTask'!
[01:21:05]'0' polls running!
[01:21:05]Task 'PollTask' finished! took '0'ms
[01:21:35]Running task 'PollTask'!
[01:21:35]'0' polls running!
[01:21:35]Task 'PollTask' finished! took '0'ms
[01:22:05]Running task 'PollTask'!
[01:22:05]'0' polls running!
[01:22:05]Task 'PollTask' finished! took '0'ms
[01:22:35]Running task 'PollTask'!
[01:22:35]'0' polls running!
[01:22:35]Task 'PollTask' finished! took '0'ms
[01:23:05]Running task 'PollTask'!
[01:23:05]'0' polls running!
[01:23:05]Task 'PollTask' finished! took '0'ms
[01:23:35]Running task 'PollTask'!
[01:23:35]'0' polls running!
[01:23:35]Task 'PollTask' finished! took '0'ms
