[21:29:16]Registering new guild: '481150133682044948'
[21:29:16]Registering new guild: '576923247212363787'
[21:29:16]Registering new guild: '592763557515362324'
[21:29:16]Running task 'PollTask'!
[21:29:16]'0' polls running!
[21:29:16]Task 'PollTask' finished! took '1'ms
[21:29:35]Command: 'password' by: 'To?' from: 'Katzenkörbchen' took '1124'ms
[21:29:46]Running task 'PollTask'!
[21:29:46]'0' polls running!
[21:29:46]Task 'PollTask' finished! took '0'ms
[21:30:16]Running task 'PollTask'!
[21:30:16]'0' polls running!
[21:30:16]Task 'PollTask' finished! took '0'ms
[21:30:46]Running task 'PollTask'!
[21:30:46]'0' polls running!
[21:30:46]Task 'PollTask' finished! took '0'ms
[21:31:16]Running task 'PollTask'!
[21:31:16]'0' polls running!
[21:31:16]Task 'PollTask' finished! took '0'ms
[21:31:46]Running task 'PollTask'!
[21:31:46]'0' polls running!
[21:31:46]Task 'PollTask' finished! took '0'ms
[21:32:16]Running task 'PollTask'!
[21:32:16]'0' polls running!
[21:32:16]Task 'PollTask' finished! took '0'ms
[21:32:46]Running task 'PollTask'!
[21:32:46]'0' polls running!
[21:32:46]Task 'PollTask' finished! took '0'ms
[21:33:16]Running task 'PollTask'!
[21:33:16]'0' polls running!
[21:33:16]Task 'PollTask' finished! took '0'ms
[21:33:46]Running task 'PollTask'!
[21:33:46]'0' polls running!
[21:33:46]Task 'PollTask' finished! took '0'ms
[21:34:16]Running task 'PollTask'!
[21:34:16]'0' polls running!
[21:34:16]Task 'PollTask' finished! took '0'ms
[21:34:46]Running task 'PollTask'!
[21:34:46]'0' polls running!
[21:34:46]Task 'PollTask' finished! took '0'ms
[21:35:16]Running task 'PollTask'!
[21:35:16]'0' polls running!
[21:35:16]Task 'PollTask' finished! took '0'ms
[21:35:46]Running task 'PollTask'!
[21:35:46]'0' polls running!
[21:35:46]Task 'PollTask' finished! took '0'ms
[21:36:16]Running task 'PollTask'!
[21:36:16]'0' polls running!
[21:36:16]Task 'PollTask' finished! took '0'ms
[21:36:46]Running task 'PollTask'!
[21:36:46]'0' polls running!
[21:36:46]Task 'PollTask' finished! took '0'ms
[21:37:16]Running task 'PollTask'!
[21:37:16]'0' polls running!
[21:37:16]Task 'PollTask' finished! took '0'ms
[21:37:46]Running task 'PollTask'!
[21:37:46]'0' polls running!
[21:37:46]Task 'PollTask' finished! took '0'ms
[21:38:16]Running task 'PollTask'!
[21:38:16]'0' polls running!
[21:38:16]Task 'PollTask' finished! took '0'ms
[21:38:46]Running task 'PollTask'!
[21:38:46]'0' polls running!
[21:38:46]Task 'PollTask' finished! took '0'ms
[21:39:16]Running task 'PollTask'!
[21:39:16]'0' polls running!
[21:39:16]Task 'PollTask' finished! took '0'ms
[21:39:46]Running task 'PollTask'!
[21:39:46]'0' polls running!
[21:39:46]Task 'PollTask' finished! took '0'ms
[21:40:16]Running task 'PollTask'!
[21:40:16]'0' polls running!
[21:40:16]Task 'PollTask' finished! took '0'ms
[21:40:46]Running task 'PollTask'!
[21:40:46]'0' polls running!
[21:40:46]Task 'PollTask' finished! took '0'ms
[21:41:16]Running task 'PollTask'!
[21:41:16]'0' polls running!
[21:41:16]Task 'PollTask' finished! took '0'ms
[21:41:46]Running task 'PollTask'!
[21:41:46]'0' polls running!
[21:41:46]Task 'PollTask' finished! took '0'ms
[21:42:16]Running task 'PollTask'!
[21:42:16]'0' polls running!
[21:42:16]Task 'PollTask' finished! took '0'ms
[21:42:46]Running task 'PollTask'!
[21:42:46]'0' polls running!
[21:42:46]Task 'PollTask' finished! took '0'ms
[21:43:16]Running task 'PollTask'!
[21:43:16]'0' polls running!
[21:43:16]Task 'PollTask' finished! took '0'ms
[21:43:46]Running task 'PollTask'!
[21:43:46]'0' polls running!
[21:43:46]Task 'PollTask' finished! took '0'ms
[21:44:16]Running task 'PollTask'!
[21:44:16]'0' polls running!
[21:44:16]Task 'PollTask' finished! took '0'ms
[21:44:46]Running task 'PollTask'!
[21:44:46]'0' polls running!
[21:44:46]Task 'PollTask' finished! took '0'ms
[21:45:16]Running task 'PollTask'!
[21:45:16]'0' polls running!
[21:45:16]Task 'PollTask' finished! took '0'ms
[21:45:46]Running task 'PollTask'!
[21:45:46]'0' polls running!
[21:45:46]Task 'PollTask' finished! took '0'ms
[21:46:16]Running task 'PollTask'!
[21:46:16]'0' polls running!
[21:46:16]Task 'PollTask' finished! took '0'ms
[21:46:46]Running task 'PollTask'!
[21:46:46]'0' polls running!
[21:46:46]Task 'PollTask' finished! took '0'ms
[21:47:16]Running task 'PollTask'!
[21:47:16]'0' polls running!
[21:47:16]Task 'PollTask' finished! took '0'ms
[21:47:46]Running task 'PollTask'!
[21:47:46]'0' polls running!
[21:47:46]Task 'PollTask' finished! took '0'ms
[21:48:16]Running task 'PollTask'!
[21:48:16]'0' polls running!
[21:48:16]Task 'PollTask' finished! took '0'ms
[21:48:46]Running task 'PollTask'!
[21:48:46]'0' polls running!
[21:48:46]Task 'PollTask' finished! took '0'ms
[21:49:16]Running task 'PollTask'!
[21:49:16]'0' polls running!
[21:49:16]Task 'PollTask' finished! took '0'ms
