[21:12:16]Registering new guild: '481150133682044948'
[21:12:16]Registering new guild: '576923247212363787'
[21:12:16]Registering new guild: '592763557515362324'
[21:12:16]Running task 'PollTask'!
[21:12:16]'0' polls running!
[21:12:16]Task 'PollTask' finished! took '1'ms
[21:12:22]Command: 'help' by: 'To?' from: 'Katzenkörbchen' took '942'ms
[21:12:46]Running task 'PollTask'!
[21:12:46]'0' polls running!
[21:12:46]Task 'PollTask' finished! took '0'ms
[21:13:16]Running task 'PollTask'!
[21:13:16]'0' polls running!
[21:13:16]Task 'PollTask' finished! took '0'ms
[21:13:46]Running task 'PollTask'!
[21:13:46]'0' polls running!
[21:13:46]Task 'PollTask' finished! took '0'ms
[21:14:16]Running task 'PollTask'!
[21:14:16]'0' polls running!
[21:14:16]Task 'PollTask' finished! took '0'ms
[21:14:46]Running task 'PollTask'!
[21:14:46]'0' polls running!
[21:14:46]Task 'PollTask' finished! took '0'ms
[21:15:16]Running task 'PollTask'!
[21:15:16]'0' polls running!
[21:15:16]Task 'PollTask' finished! took '0'ms
[21:15:46]Running task 'PollTask'!
[21:15:46]'0' polls running!
[21:15:46]Task 'PollTask' finished! took '0'ms
[21:16:16]Running task 'PollTask'!
[21:16:16]'0' polls running!
[21:16:16]Task 'PollTask' finished! took '0'ms
[21:16:46]Running task 'PollTask'!
[21:16:46]'0' polls running!
[21:16:46]Task 'PollTask' finished! took '0'ms
[21:17:16]Running task 'PollTask'!
[21:17:16]'0' polls running!
[21:17:16]Task 'PollTask' finished! took '0'ms
[21:17:46]Running task 'PollTask'!
[21:17:46]'0' polls running!
[21:17:46]Task 'PollTask' finished! took '0'ms
[21:18:16]Running task 'PollTask'!
[21:18:16]'0' polls running!
[21:18:16]Task 'PollTask' finished! took '0'ms
[21:18:46]Running task 'PollTask'!
[21:18:46]'0' polls running!
[21:18:46]Task 'PollTask' finished! took '0'ms
[21:19:16]Running task 'PollTask'!
[21:19:16]'0' polls running!
[21:19:16]Task 'PollTask' finished! took '0'ms
[21:19:46]Running task 'PollTask'!
[21:19:46]'0' polls running!
[21:19:46]Task 'PollTask' finished! took '0'ms
[21:20:16]Running task 'PollTask'!
[21:20:16]'0' polls running!
[21:20:16]Task 'PollTask' finished! took '0'ms
[21:20:46]Running task 'PollTask'!
[21:20:46]'0' polls running!
[21:20:46]Task 'PollTask' finished! took '0'ms
[21:21:16]Running task 'PollTask'!
[21:21:16]'0' polls running!
[21:21:16]Task 'PollTask' finished! took '0'ms
[21:21:46]Running task 'PollTask'!
[21:21:46]'0' polls running!
[21:21:46]Task 'PollTask' finished! took '0'ms
[21:22:16]Running task 'PollTask'!
[21:22:16]'0' polls running!
[21:22:16]Task 'PollTask' finished! took '0'ms
[21:22:46]Running task 'PollTask'!
[21:22:46]'0' polls running!
[21:22:46]Task 'PollTask' finished! took '0'ms
[21:23:16]Running task 'PollTask'!
[21:23:16]'0' polls running!
[21:23:16]Task 'PollTask' finished! took '0'ms
[21:23:46]Running task 'PollTask'!
[21:23:46]'0' polls running!
[21:23:46]Task 'PollTask' finished! took '0'ms
[21:24:16]Running task 'PollTask'!
[21:24:16]'0' polls running!
[21:24:16]Task 'PollTask' finished! took '0'ms
[21:24:46]Running task 'PollTask'!
[21:24:46]'0' polls running!
[21:24:46]Task 'PollTask' finished! took '0'ms
[21:25:16]Running task 'PollTask'!
[21:25:16]'0' polls running!
[21:25:16]Task 'PollTask' finished! took '0'ms
[21:25:46]Running task 'PollTask'!
[21:25:46]'0' polls running!
[21:25:46]Task 'PollTask' finished! took '0'ms
[21:26:16]Running task 'PollTask'!
[21:26:16]'0' polls running!
[21:26:16]Task 'PollTask' finished! took '0'ms
[21:26:46]Running task 'PollTask'!
[21:26:46]'0' polls running!
[21:26:46]Task 'PollTask' finished! took '0'ms
