[21:30:10]Running task 'PollTask'!
[21:30:10]'0' polls running!
[21:30:10]Task 'PollTask' finished! took '1'ms
[21:30:27]Command: 'poll' by: 'To?' from: 'Katzenkörbchen' took '369'ms
[21:30:38]Poll created Topic: 'this is a test poll' Id: '0' Duration: '3min'
[21:30:38]Command: 'poll' by: 'To?' from: 'Katzenkörbchen' took '879'ms
[21:30:40]Running task 'PollTask'!
[21:30:40]'1' polls running!
[21:30:40]Task 'PollTask' finished! took '0'ms
[21:31:10]Running task 'PollTask'!
[21:31:10]'1' polls running!
[21:31:10]Task 'PollTask' finished! took '0'ms
[21:31:40]Running task 'PollTask'!
[21:31:40]'1' polls running!
[21:31:40]Task 'PollTask' finished! took '0'ms
[21:31:44]Command: 'poll' by: 'To?' from: 'Katzenkörbchen' took '303'ms
[21:32:10]Running task 'PollTask'!
[21:32:10]'1' polls running!
[21:32:10]Task 'PollTask' finished! took '0'ms
[21:32:40]Running task 'PollTask'!
[21:32:40]'1' polls running!
[21:32:40]Task 'PollTask' finished! took '0'ms
[21:33:10]Running task 'PollTask'!
[21:33:10]'1' polls running!
[21:33:10]Task 'PollTask' finished! took '0'ms
[21:33:40]Running task 'PollTask'!
[21:33:40]Poll closed Topic: 'this is a test poll' Id: '0'
[21:33:40]'0' polls running!
[21:33:40]Task 'PollTask' finished! took '4'ms
[21:34:10]Running task 'PollTask'!
[21:34:10]'1' polls running!
[21:34:10]Task 'PollTask' finished! took '0'ms
[21:34:40]Running task 'PollTask'!
[21:34:40]'1' polls running!
[21:34:40]Task 'PollTask' finished! took '0'ms
[21:35:10]Running task 'PollTask'!
[21:35:10]'1' polls running!
[21:35:10]Task 'PollTask' finished! took '0'ms
[21:35:40]Running task 'PollTask'!
[21:35:40]'1' polls running!
[21:35:40]Task 'PollTask' finished! took '0'ms
[21:36:10]Running task 'PollTask'!
[21:36:10]'1' polls running!
[21:36:10]Task 'PollTask' finished! took '0'ms
[21:36:40]Running task 'PollTask'!
[21:36:40]'1' polls running!
[21:36:40]Task 'PollTask' finished! took '0'ms
[21:37:10]Running task 'PollTask'!
[21:37:10]'1' polls running!
[21:37:10]Task 'PollTask' finished! took '0'ms
[21:37:40]Running task 'PollTask'!
[21:37:40]'1' polls running!
[21:37:40]Task 'PollTask' finished! took '0'ms
[21:38:10]Running task 'PollTask'!
[21:38:10]'1' polls running!
[21:38:10]Task 'PollTask' finished! took '0'ms
[21:38:40]Running task 'PollTask'!
[21:38:40]'1' polls running!
[21:38:40]Task 'PollTask' finished! took '0'ms
[21:39:10]Running task 'PollTask'!
[21:39:10]'1' polls running!
[21:39:10]Task 'PollTask' finished! took '0'ms
[21:39:40]Running task 'PollTask'!
[21:39:40]'1' polls running!
[21:39:40]Task 'PollTask' finished! took '0'ms
[21:40:10]Running task 'PollTask'!
[21:40:10]'1' polls running!
[21:40:10]Task 'PollTask' finished! took '0'ms
[21:40:40]Running task 'PollTask'!
[21:40:40]'1' polls running!
[21:40:40]Task 'PollTask' finished! took '0'ms
[21:41:10]Running task 'PollTask'!
[21:41:10]'1' polls running!
[21:41:10]Task 'PollTask' finished! took '0'ms
[21:41:40]Running task 'PollTask'!
[21:41:40]'1' polls running!
[21:41:40]Task 'PollTask' finished! took '0'ms
[21:42:10]Running task 'PollTask'!
[21:42:10]'1' polls running!
[21:42:10]Task 'PollTask' finished! took '0'ms
[21:42:40]Running task 'PollTask'!
[21:42:40]'1' polls running!
[21:42:40]Task 'PollTask' finished! took '0'ms
[21:43:10]Running task 'PollTask'!
[21:43:10]'1' polls running!
[21:43:10]Task 'PollTask' finished! took '0'ms
[21:43:40]Running task 'PollTask'!
[21:43:40]'1' polls running!
[21:43:40]Task 'PollTask' finished! took '0'ms
[21:44:10]Running task 'PollTask'!
[21:44:10]'1' polls running!
[21:44:10]Task 'PollTask' finished! took '0'ms
[21:44:40]Running task 'PollTask'!
[21:44:40]'1' polls running!
[21:44:40]Task 'PollTask' finished! took '0'ms
[21:45:10]Running task 'PollTask'!
[21:45:10]'1' polls running!
[21:45:10]Task 'PollTask' finished! took '0'ms
[21:45:40]Running task 'PollTask'!
[21:45:40]'1' polls running!
[21:45:40]Task 'PollTask' finished! took '0'ms
[21:46:10]Running task 'PollTask'!
[21:46:10]'1' polls running!
[21:46:10]Task 'PollTask' finished! took '0'ms
[21:46:40]Running task 'PollTask'!
[21:46:40]'1' polls running!
[21:46:40]Task 'PollTask' finished! took '0'ms
[21:47:10]Running task 'PollTask'!
[21:47:10]'1' polls running!
[21:47:10]Task 'PollTask' finished! took '0'ms
[21:47:40]Running task 'PollTask'!
[21:47:40]'1' polls running!
[21:47:40]Task 'PollTask' finished! took '0'ms
[21:48:10]Running task 'PollTask'!
[21:48:10]'1' polls running!
[21:48:10]Task 'PollTask' finished! took '0'ms
[21:48:40]Running task 'PollTask'!
[21:48:40]'1' polls running!
[21:48:40]Task 'PollTask' finished! took '0'ms
[21:49:10]Running task 'PollTask'!
[21:49:10]'1' polls running!
[21:49:10]Task 'PollTask' finished! took '0'ms
[21:49:40]Running task 'PollTask'!
[21:49:40]'1' polls running!
[21:49:40]Task 'PollTask' finished! took '0'ms
[21:50:10]Running task 'PollTask'!
[21:50:10]'1' polls running!
[21:50:10]Task 'PollTask' finished! took '0'ms
[21:50:40]Running task 'PollTask'!
[21:50:40]'1' polls running!
[21:50:40]Task 'PollTask' finished! took '0'ms
[21:51:10]Running task 'PollTask'!
[21:51:10]'1' polls running!
[21:51:10]Task 'PollTask' finished! took '0'ms
[21:51:40]Running task 'PollTask'!
[21:51:40]'1' polls running!
[21:51:40]Task 'PollTask' finished! took '0'ms
[21:52:10]Running task 'PollTask'!
[21:52:10]'1' polls running!
[21:52:10]Task 'PollTask' finished! took '0'ms
[21:52:40]Running task 'PollTask'!
[21:52:40]'1' polls running!
[21:52:40]Task 'PollTask' finished! took '0'ms
[21:53:10]Running task 'PollTask'!
[21:53:10]'1' polls running!
[21:53:10]Task 'PollTask' finished! took '0'ms
[21:53:40]Running task 'PollTask'!
[21:53:40]'1' polls running!
[21:53:40]Task 'PollTask' finished! took '0'ms
[21:54:10]Running task 'PollTask'!
[21:54:10]'1' polls running!
[21:54:10]Task 'PollTask' finished! took '0'ms
[21:54:40]Running task 'PollTask'!
[21:54:40]'1' polls running!
[21:54:40]Task 'PollTask' finished! took '0'ms
[21:55:10]Running task 'PollTask'!
[21:55:10]'1' polls running!
[21:55:10]Task 'PollTask' finished! took '0'ms
[21:55:40]Running task 'PollTask'!
[21:55:40]'1' polls running!
[21:55:40]Task 'PollTask' finished! took '0'ms
[21:56:10]Running task 'PollTask'!
[21:56:10]'1' polls running!
[21:56:10]Task 'PollTask' finished! took '0'ms
[21:56:40]Running task 'PollTask'!
[21:56:40]'1' polls running!
[21:56:40]Task 'PollTask' finished! took '0'ms
[21:57:10]Running task 'PollTask'!
[21:57:10]'1' polls running!
[21:57:10]Task 'PollTask' finished! took '0'ms
[21:57:40]Running task 'PollTask'!
[21:57:40]'1' polls running!
[21:57:40]Task 'PollTask' finished! took '0'ms
[21:58:10]Running task 'PollTask'!
[21:58:10]'1' polls running!
[21:58:10]Task 'PollTask' finished! took '0'ms
[21:58:40]Running task 'PollTask'!
[21:58:40]'1' polls running!
[21:58:40]Task 'PollTask' finished! took '0'ms
[21:59:10]Running task 'PollTask'!
[21:59:10]'1' polls running!
[21:59:10]Task 'PollTask' finished! took '0'ms
[21:59:40]Running task 'PollTask'!
[21:59:40]'1' polls running!
[21:59:40]Task 'PollTask' finished! took '0'ms
[22:00:10]Running task 'PollTask'!
[22:00:10]'1' polls running!
[22:00:10]Task 'PollTask' finished! took '0'ms
[22:00:40]Running task 'PollTask'!
[22:00:40]'1' polls running!
[22:00:40]Task 'PollTask' finished! took '0'ms
[22:01:10]Running task 'PollTask'!
[22:01:10]'1' polls running!
[22:01:10]Task 'PollTask' finished! took '0'ms
[22:01:40]Running task 'PollTask'!
[22:01:40]'1' polls running!
[22:01:40]Task 'PollTask' finished! took '0'ms
[22:02:10]Running task 'PollTask'!
[22:02:10]'1' polls running!
[22:02:10]Task 'PollTask' finished! took '0'ms
[22:02:40]Running task 'PollTask'!
[22:02:40]'1' polls running!
[22:02:40]Task 'PollTask' finished! took '0'ms
[22:03:10]Running task 'PollTask'!
[22:03:10]'1' polls running!
[22:03:10]Task 'PollTask' finished! took '0'ms
[22:03:40]Running task 'PollTask'!
[22:03:40]'1' polls running!
[22:03:40]Task 'PollTask' finished! took '0'ms
[22:04:10]Running task 'PollTask'!
[22:04:10]'1' polls running!
[22:04:10]Task 'PollTask' finished! took '0'ms
[22:04:40]Running task 'PollTask'!
[22:04:40]'1' polls running!
[22:04:40]Task 'PollTask' finished! took '0'ms
[22:05:10]Running task 'PollTask'!
[22:05:10]'1' polls running!
[22:05:10]Task 'PollTask' finished! took '0'ms
[22:05:40]Running task 'PollTask'!
[22:05:40]'1' polls running!
[22:05:40]Task 'PollTask' finished! took '0'ms
[22:06:10]Running task 'PollTask'!
[22:06:10]'1' polls running!
[22:06:10]Task 'PollTask' finished! took '0'ms
[22:06:40]Running task 'PollTask'!
[22:06:40]'1' polls running!
[22:06:40]Task 'PollTask' finished! took '0'ms
[22:07:10]Running task 'PollTask'!
[22:07:10]'1' polls running!
[22:07:10]Task 'PollTask' finished! took '0'ms
[22:07:40]Running task 'PollTask'!
[22:07:40]'1' polls running!
[22:07:40]Task 'PollTask' finished! took '0'ms
[22:08:10]Running task 'PollTask'!
[22:08:10]'1' polls running!
[22:08:10]Task 'PollTask' finished! took '0'ms
[22:08:40]Running task 'PollTask'!
[22:08:40]'1' polls running!
[22:08:40]Task 'PollTask' finished! took '0'ms
[22:09:10]Running task 'PollTask'!
[22:09:10]'1' polls running!
[22:09:10]Task 'PollTask' finished! took '0'ms
[22:09:40]Running task 'PollTask'!
[22:09:40]'1' polls running!
[22:09:40]Task 'PollTask' finished! took '0'ms
[22:10:10]Running task 'PollTask'!
[22:10:10]'1' polls running!
[22:10:10]Task 'PollTask' finished! took '0'ms
[22:10:40]Running task 'PollTask'!
[22:10:40]'1' polls running!
[22:10:40]Task 'PollTask' finished! took '0'ms
[22:11:10]Running task 'PollTask'!
[22:11:10]'1' polls running!
[22:11:10]Task 'PollTask' finished! took '0'ms
[22:11:40]Running task 'PollTask'!
[22:11:40]'1' polls running!
[22:11:40]Task 'PollTask' finished! took '0'ms
[22:12:10]Running task 'PollTask'!
[22:12:10]'1' polls running!
[22:12:10]Task 'PollTask' finished! took '0'ms
[22:12:40]Running task 'PollTask'!
[22:12:40]'1' polls running!
[22:12:40]Task 'PollTask' finished! took '0'ms
[22:13:10]Running task 'PollTask'!
[22:13:10]'1' polls running!
[22:13:10]Task 'PollTask' finished! took '0'ms
[22:13:40]Running task 'PollTask'!
[22:13:40]'1' polls running!
[22:13:40]Task 'PollTask' finished! took '0'ms
[22:14:10]Running task 'PollTask'!
[22:14:10]'1' polls running!
[22:14:10]Task 'PollTask' finished! took '0'ms
[22:14:40]Running task 'PollTask'!
[22:14:40]'1' polls running!
[22:14:40]Task 'PollTask' finished! took '0'ms
[22:15:10]Running task 'PollTask'!
[22:15:10]'1' polls running!
[22:15:10]Task 'PollTask' finished! took '0'ms
[22:15:40]Running task 'PollTask'!
[22:15:40]'1' polls running!
[22:15:40]Task 'PollTask' finished! took '0'ms
[22:16:10]Running task 'PollTask'!
[22:16:10]'1' polls running!
[22:16:10]Task 'PollTask' finished! took '0'ms
[22:16:40]Running task 'PollTask'!
[22:16:40]'1' polls running!
[22:16:40]Task 'PollTask' finished! took '0'ms
[22:17:10]Running task 'PollTask'!
[22:17:10]'1' polls running!
[22:17:10]Task 'PollTask' finished! took '0'ms
[22:17:40]Running task 'PollTask'!
[22:17:40]'1' polls running!
[22:17:40]Task 'PollTask' finished! took '0'ms
[22:18:10]Running task 'PollTask'!
[22:18:10]'1' polls running!
[22:18:10]Task 'PollTask' finished! took '0'ms
[22:18:40]Running task 'PollTask'!
[22:18:40]'1' polls running!
[22:18:40]Task 'PollTask' finished! took '0'ms
[22:19:10]Running task 'PollTask'!
[22:19:10]'1' polls running!
[22:19:10]Task 'PollTask' finished! took '0'ms
[22:19:40]Running task 'PollTask'!
[22:19:40]'1' polls running!
[22:19:40]Task 'PollTask' finished! took '0'ms
[22:20:10]Running task 'PollTask'!
[22:20:10]'1' polls running!
[22:20:10]Task 'PollTask' finished! took '0'ms
[22:20:40]Running task 'PollTask'!
[22:20:40]'1' polls running!
[22:20:40]Task 'PollTask' finished! took '0'ms
[22:21:10]Running task 'PollTask'!
[22:21:10]'1' polls running!
[22:21:10]Task 'PollTask' finished! took '0'ms
[22:21:40]Running task 'PollTask'!
[22:21:40]'1' polls running!
[22:21:40]Task 'PollTask' finished! took '0'ms
[22:22:10]Running task 'PollTask'!
[22:22:10]'1' polls running!
[22:22:10]Task 'PollTask' finished! took '0'ms
[22:22:40]Running task 'PollTask'!
[22:22:40]'1' polls running!
[22:22:40]Task 'PollTask' finished! took '0'ms
[22:23:10]Running task 'PollTask'!
[22:23:10]'1' polls running!
[22:23:10]Task 'PollTask' finished! took '0'ms
[22:23:40]Running task 'PollTask'!
[22:23:40]'1' polls running!
[22:23:40]Task 'PollTask' finished! took '0'ms
[22:24:10]Running task 'PollTask'!
[22:24:10]'1' polls running!
[22:24:10]Task 'PollTask' finished! took '0'ms
[22:24:40]Running task 'PollTask'!
[22:24:40]'1' polls running!
[22:24:40]Task 'PollTask' finished! took '0'ms
[22:25:10]Running task 'PollTask'!
[22:25:10]'1' polls running!
[22:25:10]Task 'PollTask' finished! took '0'ms
[22:25:40]Running task 'PollTask'!
[22:25:40]'1' polls running!
[22:25:40]Task 'PollTask' finished! took '0'ms
[22:25:49]Command: 'passwd' by: 'To?' from: 'Katzenkörbchen' took '772'ms
[22:26:10]Running task 'PollTask'!
[22:26:10]'1' polls running!
[22:26:10]Task 'PollTask' finished! took '0'ms
[22:26:40]Running task 'PollTask'!
[22:26:40]'1' polls running!
[22:26:40]Task 'PollTask' finished! took '0'ms
[22:27:10]Running task 'PollTask'!
[22:27:10]'1' polls running!
[22:27:10]Task 'PollTask' finished! took '0'ms
[22:27:40]Running task 'PollTask'!
[22:27:40]'1' polls running!
[22:27:40]Task 'PollTask' finished! took '0'ms
[22:28:10]Running task 'PollTask'!
[22:28:10]'1' polls running!
[22:28:10]Task 'PollTask' finished! took '0'ms
[22:28:40]Running task 'PollTask'!
[22:28:40]'1' polls running!
[22:28:40]Task 'PollTask' finished! took '0'ms
[22:29:10]Running task 'PollTask'!
[22:29:10]'1' polls running!
[22:29:10]Task 'PollTask' finished! took '0'ms
[22:29:40]Running task 'PollTask'!
[22:29:40]'1' polls running!
[22:29:40]Task 'PollTask' finished! took '0'ms
[22:30:10]Running task 'PollTask'!
[22:30:10]'1' polls running!
[22:30:10]Task 'PollTask' finished! took '0'ms
[22:30:40]Running task 'PollTask'!
[22:30:40]'1' polls running!
[22:30:40]Task 'PollTask' finished! took '0'ms
[22:31:10]Running task 'PollTask'!
[22:31:10]'1' polls running!
[22:31:10]Task 'PollTask' finished! took '0'ms
[22:31:40]Running task 'PollTask'!
[22:31:40]'1' polls running!
[22:31:40]Task 'PollTask' finished! took '0'ms
[22:32:10]Running task 'PollTask'!
[22:32:10]'1' polls running!
[22:32:10]Task 'PollTask' finished! took '0'ms
[22:32:40]Running task 'PollTask'!
[22:32:40]'1' polls running!
[22:32:40]Task 'PollTask' finished! took '0'ms
