[00:23:48]Registering new guild: '481150133682044948'
[00:23:48]Registering new guild: '576923247212363787'
[00:23:48]Registering new guild: '592763557515362324'
[00:23:48]Running task 'PollTask'!
[00:23:48]'0' polls running!
[00:23:48]Task 'PollTask' finished! took '1'ms
[00:24:18]Running task 'PollTask'!
[00:24:18]'0' polls running!
[00:24:18]Task 'PollTask' finished! took '0'ms
[00:24:48]Running task 'PollTask'!
[00:24:48]'0' polls running!
[00:24:48]Task 'PollTask' finished! took '0'ms
[00:25:18]Running task 'PollTask'!
[00:25:18]'0' polls running!
[00:25:18]Task 'PollTask' finished! took '0'ms
[00:25:30]Command: 'passwd' by: 'To?' from: 'Katzenkörbchen' took '765'ms
[00:25:48]Running task 'PollTask'!
[00:25:48]'0' polls running!
[00:25:48]Task 'PollTask' finished! took '0'ms
[00:26:18]Running task 'PollTask'!
[00:26:18]'0' polls running!
[00:26:18]Task 'PollTask' finished! took '0'ms
[00:26:48]Running task 'PollTask'!
[00:26:48]'0' polls running!
[00:26:48]Task 'PollTask' finished! took '0'ms
[00:27:18]Running task 'PollTask'!
[00:27:18]'0' polls running!
[00:27:18]Task 'PollTask' finished! took '0'ms
[00:27:48]Running task 'PollTask'!
[00:27:48]'0' polls running!
[00:27:48]Task 'PollTask' finished! took '0'ms
[00:28:18]Running task 'PollTask'!
[00:28:18]'0' polls running!
[00:28:18]Task 'PollTask' finished! took '0'ms
[00:28:48]Running task 'PollTask'!
[00:28:48]'0' polls running!
[00:28:48]Task 'PollTask' finished! took '0'ms
[00:29:18]Running task 'PollTask'!
[00:29:18]'0' polls running!
[00:29:18]Task 'PollTask' finished! took '0'ms
[00:29:48]Running task 'PollTask'!
[00:29:48]'0' polls running!
[00:29:48]Task 'PollTask' finished! took '0'ms
[00:30:18]Running task 'PollTask'!
[00:30:18]'0' polls running!
[00:30:18]Task 'PollTask' finished! took '0'ms
[00:30:48]Running task 'PollTask'!
[00:30:48]'0' polls running!
[00:30:48]Task 'PollTask' finished! took '0'ms
[00:31:18]Running task 'PollTask'!
[00:31:18]'0' polls running!
[00:31:18]Task 'PollTask' finished! took '0'ms
[00:31:48]Running task 'PollTask'!
[00:31:48]'0' polls running!
[00:31:48]Task 'PollTask' finished! took '0'ms
[00:32:18]Running task 'PollTask'!
[00:32:18]'0' polls running!
[00:32:18]Task 'PollTask' finished! took '0'ms
[00:32:48]Running task 'PollTask'!
[00:32:48]'0' polls running!
[00:32:48]Task 'PollTask' finished! took '0'ms
[00:33:18]Running task 'PollTask'!
[00:33:18]'0' polls running!
[00:33:18]Task 'PollTask' finished! took '0'ms
[00:33:48]Running task 'PollTask'!
[00:33:48]'0' polls running!
[00:33:48]Task 'PollTask' finished! took '0'ms
[00:34:18]Running task 'PollTask'!
[00:34:18]'0' polls running!
[00:34:18]Task 'PollTask' finished! took '0'ms
[00:34:48]Running task 'PollTask'!
[00:34:48]'0' polls running!
[00:34:48]Task 'PollTask' finished! took '0'ms
[00:35:18]Running task 'PollTask'!
[00:35:18]'0' polls running!
[00:35:18]Task 'PollTask' finished! took '0'ms
[00:35:48]Running task 'PollTask'!
[00:35:48]'0' polls running!
[00:35:48]Task 'PollTask' finished! took '0'ms
[00:36:18]Running task 'PollTask'!
[00:36:18]'0' polls running!
[00:36:18]Task 'PollTask' finished! took '0'ms
[00:36:48]Running task 'PollTask'!
[00:36:48]'0' polls running!
[00:36:48]Task 'PollTask' finished! took '0'ms
[00:37:18]Running task 'PollTask'!
[00:37:18]'0' polls running!
[00:37:18]Task 'PollTask' finished! took '0'ms
[00:37:48]Running task 'PollTask'!
[00:37:48]'0' polls running!
[00:37:48]Task 'PollTask' finished! took '0'ms
[00:38:18]Running task 'PollTask'!
[00:38:18]'0' polls running!
[00:38:18]Task 'PollTask' finished! took '0'ms
[00:38:48]Running task 'PollTask'!
[00:38:48]'0' polls running!
[00:38:48]Task 'PollTask' finished! took '0'ms
[00:39:18]Running task 'PollTask'!
[00:39:18]'0' polls running!
[00:39:18]Task 'PollTask' finished! took '0'ms
[00:39:48]Running task 'PollTask'!
[00:39:48]'0' polls running!
[00:39:48]Task 'PollTask' finished! took '0'ms
[00:40:18]Running task 'PollTask'!
[00:40:18]'0' polls running!
[00:40:18]Task 'PollTask' finished! took '0'ms
[00:40:48]Running task 'PollTask'!
[00:40:48]'0' polls running!
[00:40:48]Task 'PollTask' finished! took '0'ms
[00:41:18]Running task 'PollTask'!
[00:41:18]'0' polls running!
[00:41:18]Task 'PollTask' finished! took '0'ms
[00:41:48]Running task 'PollTask'!
[00:41:48]'0' polls running!
[00:41:48]Task 'PollTask' finished! took '0'ms
[00:42:18]Running task 'PollTask'!
[00:42:18]'0' polls running!
[00:42:18]Task 'PollTask' finished! took '0'ms
[00:42:48]Running task 'PollTask'!
[00:42:48]'0' polls running!
[00:42:48]Task 'PollTask' finished! took '0'ms
[00:43:18]Running task 'PollTask'!
[00:43:18]'0' polls running!
[00:43:18]Task 'PollTask' finished! took '0'ms
[00:43:48]Running task 'PollTask'!
[00:43:48]'0' polls running!
[00:43:48]Task 'PollTask' finished! took '0'ms
[00:44:18]Running task 'PollTask'!
[00:44:18]'0' polls running!
[00:44:18]Task 'PollTask' finished! took '0'ms
[00:44:48]Running task 'PollTask'!
[00:44:48]'0' polls running!
[00:44:48]Task 'PollTask' finished! took '0'ms
[00:45:18]Running task 'PollTask'!
[00:45:18]'0' polls running!
[00:45:18]Task 'PollTask' finished! took '0'ms
[00:45:48]Running task 'PollTask'!
[00:45:48]'0' polls running!
[00:45:48]Task 'PollTask' finished! took '0'ms
[00:46:18]Running task 'PollTask'!
[00:46:18]'0' polls running!
[00:46:18]Task 'PollTask' finished! took '0'ms
[00:46:48]Running task 'PollTask'!
[00:46:48]'0' polls running!
[00:46:48]Task 'PollTask' finished! took '0'ms
[00:47:18]Running task 'PollTask'!
[00:47:18]'0' polls running!
[00:47:18]Task 'PollTask' finished! took '0'ms
[00:47:48]Running task 'PollTask'!
[00:47:48]'0' polls running!
[00:47:48]Task 'PollTask' finished! took '0'ms
[00:48:18]Running task 'PollTask'!
[00:48:18]'0' polls running!
[00:48:18]Task 'PollTask' finished! took '0'ms
[00:48:48]Running task 'PollTask'!
[00:48:48]'0' polls running!
[00:48:48]Task 'PollTask' finished! took '0'ms
[00:49:18]Running task 'PollTask'!
[00:49:18]'0' polls running!
[00:49:18]Task 'PollTask' finished! took '0'ms
[00:49:48]Running task 'PollTask'!
[00:49:48]'0' polls running!
[00:49:48]Task 'PollTask' finished! took '0'ms
[00:50:18]Running task 'PollTask'!
[00:50:18]'0' polls running!
[00:50:18]Task 'PollTask' finished! took '0'ms
[00:50:48]Running task 'PollTask'!
[00:50:48]'0' polls running!
[00:50:48]Task 'PollTask' finished! took '0'ms
[00:51:18]Running task 'PollTask'!
[00:51:18]'0' polls running!
[00:51:18]Task 'PollTask' finished! took '0'ms
[00:51:48]Running task 'PollTask'!
[00:51:48]'0' polls running!
[00:51:48]Task 'PollTask' finished! took '0'ms
[00:52:18]Running task 'PollTask'!
[00:52:18]'0' polls running!
[00:52:18]Task 'PollTask' finished! took '0'ms
[00:52:48]Running task 'PollTask'!
[00:52:48]'0' polls running!
[00:52:48]Task 'PollTask' finished! took '0'ms
[00:53:18]Running task 'PollTask'!
[00:53:18]'0' polls running!
[00:53:18]Task 'PollTask' finished! took '0'ms
[00:53:48]Running task 'PollTask'!
[00:53:48]'0' polls running!
[00:53:48]Task 'PollTask' finished! took '0'ms
[00:54:18]Running task 'PollTask'!
[00:54:18]'0' polls running!
[00:54:18]Task 'PollTask' finished! took '0'ms
[00:54:48]Running task 'PollTask'!
[00:54:48]'0' polls running!
[00:54:48]Task 'PollTask' finished! took '0'ms
[00:55:18]Running task 'PollTask'!
[00:55:18]'0' polls running!
[00:55:18]Task 'PollTask' finished! took '0'ms
[00:55:48]Running task 'PollTask'!
[00:55:48]'0' polls running!
[00:55:48]Task 'PollTask' finished! took '0'ms
[00:56:18]Running task 'PollTask'!
[00:56:18]'0' polls running!
[00:56:18]Task 'PollTask' finished! took '0'ms
[00:56:48]Running task 'PollTask'!
[00:56:48]'0' polls running!
[00:56:48]Task 'PollTask' finished! took '0'ms
[00:57:18]Running task 'PollTask'!
[00:57:18]'0' polls running!
[00:57:18]Task 'PollTask' finished! took '0'ms
[00:57:48]Running task 'PollTask'!
[00:57:48]'0' polls running!
[00:57:48]Task 'PollTask' finished! took '0'ms
[00:58:18]Running task 'PollTask'!
[00:58:18]'0' polls running!
[00:58:18]Task 'PollTask' finished! took '0'ms
[00:58:48]Running task 'PollTask'!
[00:58:48]'0' polls running!
[00:58:48]Task 'PollTask' finished! took '0'ms
[00:59:18]Running task 'PollTask'!
[00:59:18]'0' polls running!
[00:59:18]Task 'PollTask' finished! took '0'ms
[00:59:48]Running task 'PollTask'!
[00:59:48]'0' polls running!
[00:59:48]Task 'PollTask' finished! took '0'ms
[01:00:18]Running task 'PollTask'!
[01:00:18]'0' polls running!
[01:00:18]Task 'PollTask' finished! took '0'ms
[01:00:48]Running task 'PollTask'!
[01:00:48]'0' polls running!
[01:00:48]Task 'PollTask' finished! took '0'ms
[01:01:18]Running task 'PollTask'!
[01:01:18]'0' polls running!
[01:01:18]Task 'PollTask' finished! took '0'ms
[01:01:48]Running task 'PollTask'!
[01:01:48]'0' polls running!
[01:01:48]Task 'PollTask' finished! took '0'ms
[01:02:18]Running task 'PollTask'!
[01:02:18]'0' polls running!
[01:02:18]Task 'PollTask' finished! took '0'ms
[01:02:48]Running task 'PollTask'!
[01:02:48]'0' polls running!
[01:02:48]Task 'PollTask' finished! took '0'ms
[01:03:18]Running task 'PollTask'!
[01:03:18]'0' polls running!
[01:03:18]Task 'PollTask' finished! took '0'ms
[01:03:48]Running task 'PollTask'!
[01:03:48]'0' polls running!
[01:03:48]Task 'PollTask' finished! took '0'ms
[01:04:18]Running task 'PollTask'!
[01:04:18]'0' polls running!
[01:04:18]Task 'PollTask' finished! took '0'ms
[01:04:48]Running task 'PollTask'!
[01:04:48]'0' polls running!
[01:04:48]Task 'PollTask' finished! took '0'ms
[01:05:18]Running task 'PollTask'!
[01:05:18]'0' polls running!
[01:05:18]Task 'PollTask' finished! took '0'ms
[01:05:48]Running task 'PollTask'!
[01:05:48]'0' polls running!
[01:05:48]Task 'PollTask' finished! took '0'ms
[01:06:18]Running task 'PollTask'!
[01:06:18]'0' polls running!
[01:06:18]Task 'PollTask' finished! took '0'ms
[01:06:48]Running task 'PollTask'!
[01:06:48]'0' polls running!
[01:06:48]Task 'PollTask' finished! took '0'ms
[01:07:18]Running task 'PollTask'!
[01:07:18]'0' polls running!
[01:07:18]Task 'PollTask' finished! took '0'ms
[01:07:48]Running task 'PollTask'!
[01:07:48]'0' polls running!
[01:07:48]Task 'PollTask' finished! took '0'ms
[01:08:18]Running task 'PollTask'!
[01:08:18]'0' polls running!
[01:08:18]Task 'PollTask' finished! took '0'ms
[01:08:48]Running task 'PollTask'!
[01:08:48]'0' polls running!
[01:08:48]Task 'PollTask' finished! took '0'ms
[01:09:18]Running task 'PollTask'!
[01:09:18]'0' polls running!
[01:09:18]Task 'PollTask' finished! took '0'ms
[01:09:48]Running task 'PollTask'!
[01:09:48]'0' polls running!
[01:09:48]Task 'PollTask' finished! took '0'ms
[01:10:18]Running task 'PollTask'!
[01:10:18]'0' polls running!
[01:10:18]Task 'PollTask' finished! took '0'ms
[01:10:48]Running task 'PollTask'!
[01:10:48]'0' polls running!
[01:10:48]Task 'PollTask' finished! took '0'ms
[01:11:18]Running task 'PollTask'!
[01:11:18]'0' polls running!
[01:11:18]Task 'PollTask' finished! took '0'ms
[01:11:48]Running task 'PollTask'!
[01:11:48]'0' polls running!
[01:11:48]Task 'PollTask' finished! took '0'ms
[01:12:18]Running task 'PollTask'!
[01:12:18]'0' polls running!
[01:12:18]Task 'PollTask' finished! took '0'ms
[01:12:48]Running task 'PollTask'!
[01:12:48]'0' polls running!
[01:12:48]Task 'PollTask' finished! took '0'ms
[01:13:18]Running task 'PollTask'!
[01:13:18]'0' polls running!
[01:13:18]Task 'PollTask' finished! took '0'ms
[01:13:48]Running task 'PollTask'!
[01:13:48]'0' polls running!
[01:13:48]Task 'PollTask' finished! took '0'ms
[01:14:18]Running task 'PollTask'!
[01:14:18]'0' polls running!
[01:14:18]Task 'PollTask' finished! took '0'ms
[01:14:48]Running task 'PollTask'!
[01:14:48]'0' polls running!
[01:14:48]Task 'PollTask' finished! took '0'ms
[01:15:18]Running task 'PollTask'!
[01:15:18]'0' polls running!
[01:15:18]Task 'PollTask' finished! took '0'ms
[01:15:48]Running task 'PollTask'!
[01:15:48]'0' polls running!
[01:15:48]Task 'PollTask' finished! took '0'ms
[01:16:18]Running task 'PollTask'!
[01:16:18]'0' polls running!
[01:16:18]Task 'PollTask' finished! took '0'ms
[01:16:48]Running task 'PollTask'!
[01:16:48]'0' polls running!
[01:16:48]Task 'PollTask' finished! took '0'ms
[01:17:18]Running task 'PollTask'!
[01:17:18]'0' polls running!
[01:17:18]Task 'PollTask' finished! took '0'ms
[01:17:48]Running task 'PollTask'!
[01:17:48]'0' polls running!
[01:17:48]Task 'PollTask' finished! took '0'ms
[01:18:18]Running task 'PollTask'!
[01:18:18]'0' polls running!
[01:18:18]Task 'PollTask' finished! took '0'ms
[01:18:48]Running task 'PollTask'!
[01:18:48]'0' polls running!
[01:18:48]Task 'PollTask' finished! took '0'ms
[01:19:18]Running task 'PollTask'!
[01:19:18]'0' polls running!
[01:19:18]Task 'PollTask' finished! took '0'ms
